Determining if the pthread_create exist failed with the following output:
Change Dir: /home/isc-lab/miyamoto/miyamoto_ws/build/CMakeFiles/CMakeTmp

Run Build Command:"/usr/bin/make" "cmTC_469c5/fast"
/usr/bin/make -f CMakeFiles/cmTC_469c5.dir/build.make CMakeFiles/cmTC_469c5.dir/build
make[1]: ディレクトリ '/home/isc-lab/miyamoto/miyamoto_ws/build/CMakeFiles/CMakeTmp' に入ります
Building C object CMakeFiles/cmTC_469c5.dir/CheckSymbolExists.c.o
/usr/bin/cc     -o CMakeFiles/cmTC_469c5.dir/CheckSymbolExists.c.o   -c /home/isc-lab/miyamoto/miyamoto_ws/build/CMakeFiles/CMakeTmp/CheckSymbolExists.c
Linking C executable cmTC_469c5
/usr/bin/cmake -E cmake_link_script CMakeFiles/cmTC_469c5.dir/link.txt --verbose=1
/usr/bin/cc       CMakeFiles/cmTC_469c5.dir/CheckSymbolExists.c.o  -o cmTC_469c5 -rdynamic 
CMakeFiles/cmTC_469c5.dir/CheckSymbolExists.c.o: 関数 `main' 内:
CheckSymbolExists.c:(.text+0x16): `pthread_create' に対する定義されていない参照です
collect2: error: ld returned 1 exit status
CMakeFiles/cmTC_469c5.dir/build.make:97: ターゲット 'cmTC_469c5' のレシピで失敗しました
make[1]: *** [cmTC_469c5] エラー 1
make[1]: ディレクトリ '/home/isc-lab/miyamoto/miyamoto_ws/build/CMakeFiles/CMakeTmp' から出ます
Makefile:126: ターゲット 'cmTC_469c5/fast' のレシピで失敗しました
make: *** [cmTC_469c5/fast] エラー 2

File /home/isc-lab/miyamoto/miyamoto_ws/build/CMakeFiles/CMakeTmp/CheckSymbolExists.c:
/* */
#include <pthread.h>

int main(int argc, char** argv)
{
  (void)argv;
#ifndef pthread_create
  return ((int*)(&pthread_create))[argc];
#else
  (void)argc;
  return 0;
#endif
}

Determining if the function pthread_create exists in the pthreads failed with the following output:
Change Dir: /home/isc-lab/miyamoto/miyamoto_ws/build/CMakeFiles/CMakeTmp

Run Build Command:"/usr/bin/make" "cmTC_493df/fast"
/usr/bin/make -f CMakeFiles/cmTC_493df.dir/build.make CMakeFiles/cmTC_493df.dir/build
make[1]: ディレクトリ '/home/isc-lab/miyamoto/miyamoto_ws/build/CMakeFiles/CMakeTmp' に入ります
Building C object CMakeFiles/cmTC_493df.dir/CheckFunctionExists.c.o
/usr/bin/cc    -DCHECK_FUNCTION_EXISTS=pthread_create   -o CMakeFiles/cmTC_493df.dir/CheckFunctionExists.c.o   -c /usr/share/cmake-3.5/Modules/CheckFunctionExists.c
Linking C executable cmTC_493df
/usr/bin/cmake -E cmake_link_script CMakeFiles/cmTC_493df.dir/link.txt --verbose=1
/usr/bin/cc   -DCHECK_FUNCTION_EXISTS=pthread_create    CMakeFiles/cmTC_493df.dir/CheckFunctionExists.c.o  -o cmTC_493df -rdynamic -lpthreads 
/usr/bin/ld: -lpthreads が見つかりません
collect2: error: ld returned 1 exit status
CMakeFiles/cmTC_493df.dir/build.make:97: ターゲット 'cmTC_493df' のレシピで失敗しました
make[1]: *** [cmTC_493df] エラー 1
make[1]: ディレクトリ '/home/isc-lab/miyamoto/miyamoto_ws/build/CMakeFiles/CMakeTmp' から出ます
Makefile:126: ターゲット 'cmTC_493df/fast' のレシピで失敗しました
make: *** [cmTC_493df/fast] エラー 2


Determining if the CL_VERSION_2_0 exist failed with the following output:
Change Dir: /home/isc-lab/miyamoto/miyamoto_ws/build/CMakeFiles/CMakeTmp

Run Build Command:"/usr/bin/make" "cmTC_5de4f/fast"
/usr/bin/make -f CMakeFiles/cmTC_5de4f.dir/build.make CMakeFiles/cmTC_5de4f.dir/build
make[1]: ディレクトリ '/home/isc-lab/miyamoto/miyamoto_ws/build/CMakeFiles/CMakeTmp' に入ります
Building C object CMakeFiles/cmTC_5de4f.dir/CheckSymbolExists.c.o
/usr/bin/cc   -I/usr/local/cuda-9.1/include   -o CMakeFiles/cmTC_5de4f.dir/CheckSymbolExists.c.o   -c /home/isc-lab/miyamoto/miyamoto_ws/build/CMakeFiles/CMakeTmp/CheckSymbolExists.c
/home/isc-lab/miyamoto/miyamoto_ws/build/CMakeFiles/CMakeTmp/CheckSymbolExists.c: In function ‘main’:
/home/isc-lab/miyamoto/miyamoto_ws/build/CMakeFiles/CMakeTmp/CheckSymbolExists.c:8:19: error: ‘CL_VERSION_2_0’ undeclared (first use in this function)
   return ((int*)(&CL_VERSION_2_0))[argc];
                   ^
/home/isc-lab/miyamoto/miyamoto_ws/build/CMakeFiles/CMakeTmp/CheckSymbolExists.c:8:19: note: each undeclared identifier is reported only once for each function it appears in
CMakeFiles/cmTC_5de4f.dir/build.make:65: ターゲット 'CMakeFiles/cmTC_5de4f.dir/CheckSymbolExists.c.o' のレシピで失敗しました
make[1]: *** [CMakeFiles/cmTC_5de4f.dir/CheckSymbolExists.c.o] エラー 1
make[1]: ディレクトリ '/home/isc-lab/miyamoto/miyamoto_ws/build/CMakeFiles/CMakeTmp' から出ます
Makefile:126: ターゲット 'cmTC_5de4f/fast' のレシピで失敗しました
make: *** [cmTC_5de4f/fast] エラー 2

File /home/isc-lab/miyamoto/miyamoto_ws/build/CMakeFiles/CMakeTmp/CheckSymbolExists.c:
/* */
#include </usr/local/cuda-9.1/include/CL/cl.h>

int main(int argc, char** argv)
{
  (void)argv;
#ifndef CL_VERSION_2_0
  return ((int*)(&CL_VERSION_2_0))[argc];
#else
  (void)argc;
  return 0;
#endif
}

